{
  "RSpec": {
    "coverage": {
      "/home/ubuntu/workspace/hw-acceptance-unit-test-cycle/rottenpotatoes/app/helpers/application_helper.rb": [
        1,
        null
      ],
      "/home/ubuntu/workspace/hw-acceptance-unit-test-cycle/rottenpotatoes/app/helpers/movies_helper.rb": [
        1,
        null,
        1,
        0,
        null,
        null
      ],
      "/home/ubuntu/workspace/hw-acceptance-unit-test-cycle/rottenpotatoes/app/controllers/movies_controller.rb": [
        1,
        null,
        1,
        1,
        null,
        1,
        5,
        null,
        null,
        1,
        11,
        11,
        null,
        3,
        null,
        11,
        null,
        null,
        1,
        null,
        3,
        null,
        null,
        null,
        1,
        2,
        2,
        2,
        2,
        2,
        null,
        2,
        2,
        2,
        2,
        2,
        2,
        2,
        null,
        null,
        1,
        null,
        null,
        null,
        1,
        2,
        2,
        2,
        null,
        null,
        1,
        3,
        null,
        null,
        1,
        3,
        3,
        3,
        3,
        null,
        null,
        1,
        2,
        2,
        2,
        2,
        null,
        null,
        null,
        1,
        1,
        27,
        27,
        27,
        null,
        null,
        1,
        27,
        27,
        null,
        null,
        null
      ],
      "/home/ubuntu/workspace/hw-acceptance-unit-test-cycle/rottenpotatoes/app/controllers/application_controller.rb": [
        1,
        1,
        null
      ],
      "/home/ubuntu/workspace/hw-acceptance-unit-test-cycle/rottenpotatoes/app/models/movie.rb": [
        1,
        1,
        29,
        null,
        null,
        1,
        10,
        null,
        null,
        1,
        27,
        27,
        162,
        27,
        27,
        27,
        null,
        null,
        1,
        0,
        0,
        0,
        null,
        0,
        null,
        null,
        null,
        null
      ]
    },
    "timestamp": 1500014178
  },
  "Cucumber Features": {
    "coverage": {
      "/home/ubuntu/workspace/hw-acceptance-unit-test-cycle/rottenpotatoes/app/models/movie.rb": [
        1,
        1,
        39,
        null,
        null,
        1,
        2,
        null,
        null,
        1,
        25,
        25,
        150,
        25,
        25,
        25,
        null,
        null,
        1,
        14,
        14,
        13,
        null,
        1,
        null,
        null,
        null,
        null
      ],
      "/home/ubuntu/workspace/hw-acceptance-unit-test-cycle/rottenpotatoes/app/controllers/movies_controller.rb": [
        1,
        null,
        1,
        1,
        null,
        1,
        2,
        null,
        null,
        1,
        2,
        2,
        null,
        1,
        null,
        2,
        null,
        null,
        1,
        null,
        4,
        null,
        null,
        null,
        1,
        14,
        6,
        6,
        6,
        6,
        null,
        14,
        14,
        14,
        14,
        14,
        14,
        14,
        null,
        null,
        1,
        null,
        null,
        null,
        1,
        1,
        1,
        1,
        null,
        null,
        1,
        1,
        null,
        null,
        1,
        1,
        1,
        1,
        1,
        null,
        null,
        1,
        1,
        1,
        1,
        1,
        null,
        null,
        null,
        1,
        1,
        25,
        25,
        25,
        null,
        null,
        1,
        25,
        25,
        null,
        null,
        null
      ],
      "/home/ubuntu/workspace/hw-acceptance-unit-test-cycle/rottenpotatoes/app/controllers/application_controller.rb": [
        1,
        1,
        null
      ],
      "/home/ubuntu/workspace/hw-acceptance-unit-test-cycle/rottenpotatoes/app/helpers/application_helper.rb": [
        1,
        null
      ],
      "/home/ubuntu/workspace/hw-acceptance-unit-test-cycle/rottenpotatoes/app/helpers/movies_helper.rb": [
        1,
        null,
        1,
        0,
        null,
        null
      ]
    },
    "timestamp": 1500251437
  }
}
