{
  "RSpec": {
    "coverage": {
      "/home/ubuntu/workspace/hw-acceptance-unit-test-cycle/rottenpotatoes/app/helpers/application_helper.rb": [
        1,
        null
      ],
      "/home/ubuntu/workspace/hw-acceptance-unit-test-cycle/rottenpotatoes/app/helpers/movies_helper.rb": [
        1,
        null,
        1,
        0,
        null,
        null
      ],
      "/home/ubuntu/workspace/hw-acceptance-unit-test-cycle/rottenpotatoes/app/models/movie.rb": [
        1,
        null,
        null,
        null,
        null,
        null,
        null,
        1,
        null,
        1,
        null,
        1,
        1,
        null,
        null,
        1,
        1,
        1,
        1,
        null,
        null,
        1,
        0,
        0,
        null,
        1,
        0,
        null,
        null,
        1,
        2,
        null,
        null,
        1,
        2,
        null,
        2,
        1,
        1,
        null,
        null,
        null,
        1,
        0,
        0,
        0,
        0,
        0,
        0,
        null,
        null,
        1,
        0,
        0,
        0,
        null,
        0,
        null,
        null,
        null,
        1,
        null,
        null
      ],
      "/home/ubuntu/workspace/hw-acceptance-unit-test-cycle/rottenpotatoes/app/models/moviegoer.rb": [
        0,
        0,
        0,
        0,
        0,
        0,
        0,
        0
      ],
      "/home/ubuntu/workspace/hw-acceptance-unit-test-cycle/rottenpotatoes/app/controllers/movies_controller.rb": [
        0,
        0,
        0,
        0,
        0,
        0,
        0,
        0,
        0,
        0,
        0,
        0,
        0,
        0,
        0,
        0,
        0,
        0,
        0,
        0,
        0,
        0,
        0,
        0,
        0,
        0,
        0,
        0,
        0,
        0,
        0,
        0,
        0,
        0,
        0,
        0,
        0,
        0,
        0,
        0,
        0,
        0,
        0,
        0,
        0,
        0,
        0,
        0,
        0,
        0,
        0,
        0,
        0,
        0,
        0,
        0,
        0,
        0,
        0,
        0,
        0,
        0,
        0,
        0,
        0,
        0,
        0,
        0,
        0,
        0,
        0,
        0,
        0,
        0,
        0,
        0,
        0,
        0,
        0,
        0,
        0,
        0,
        0,
        0,
        0,
        0,
        0,
        0,
        0,
        0,
        0,
        0,
        0,
        0,
        0,
        0,
        0,
        0,
        0,
        0,
        0,
        0,
        0,
        0,
        0,
        0,
        0,
        0
      ],
      "/home/ubuntu/workspace/hw-acceptance-unit-test-cycle/rottenpotatoes/app/controllers/application_controller.rb": [
        0,
        0,
        0,
        0,
        0,
        0,
        0,
        0,
        0,
        0,
        0
      ],
      "/home/ubuntu/workspace/hw-acceptance-unit-test-cycle/rottenpotatoes/app/controllers/sessions_controller.rb": [
        0,
        0,
        0,
        0,
        0,
        0,
        0,
        0,
        0,
        0,
        0,
        0,
        0,
        0,
        0,
        0,
        0,
        0,
        0
      ]
    },
    "timestamp": 1500964424
  },
  "Cucumber Features": {
    "coverage": {
      "/home/ubuntu/workspace/hw-acceptance-unit-test-cycle/rottenpotatoes/app/models/movie.rb": [
        1,
        null,
        null,
        null,
        null,
        null,
        null,
        1,
        null,
        1,
        null,
        1,
        61,
        null,
        null,
        1,
        1,
        1,
        1,
        null,
        null,
        1,
        0,
        30,
        null,
        1,
        30,
        null,
        null,
        1,
        2,
        null,
        null,
        1,
        2,
        2,
        2,
        0,
        0,
        null,
        null,
        null,
        1,
        30,
        30,
        180,
        30,
        30,
        30,
        null,
        null,
        1,
        30,
        30,
        29,
        null,
        1,
        null,
        null,
        null,
        1,
        null,
        null
      ],
      "/home/ubuntu/workspace/hw-acceptance-unit-test-cycle/rottenpotatoes/app/controllers/movies_controller.rb": [
        1,
        null,
        1,
        1,
        null,
        1,
        null,
        null,
        1,
        2,
        null,
        null,
        1,
        2,
        2,
        null,
        1,
        null,
        2,
        null,
        null,
        1,
        null,
        4,
        null,
        null,
        null,
        1,
        2,
        2,
        1,
        null,
        null,
        null,
        1,
        30,
        14,
        14,
        14,
        14,
        null,
        30,
        30,
        30,
        30,
        30,
        30,
        30,
        null,
        null,
        1,
        1,
        1,
        1,
        1,
        null,
        null,
        null,
        1,
        1,
        1,
        1,
        1,
        null,
        0,
        null,
        null,
        null,
        1,
        1,
        null,
        null,
        1,
        1,
        1,
        1,
        1,
        null,
        0,
        null,
        null,
        null,
        1,
        1,
        1,
        1,
        1,
        null,
        null,
        null,
        1,
        1,
        30,
        30,
        30,
        null,
        null,
        1,
        30,
        30,
        null,
        null,
        1,
        3,
        0,
        null,
        null,
        null
      ],
      "/home/ubuntu/workspace/hw-acceptance-unit-test-cycle/rottenpotatoes/app/controllers/application_controller.rb": [
        1,
        1,
        1,
        null,
        1,
        1,
        null,
        43,
        null,
        null,
        null
      ],
      "/home/ubuntu/workspace/hw-acceptance-unit-test-cycle/rottenpotatoes/app/helpers/application_helper.rb": [
        1,
        null
      ],
      "/home/ubuntu/workspace/hw-acceptance-unit-test-cycle/rottenpotatoes/app/helpers/movies_helper.rb": [
        1,
        null,
        1,
        0,
        null,
        null
      ],
      "/home/ubuntu/workspace/hw-acceptance-unit-test-cycle/rottenpotatoes/app/models/moviegoer.rb": [
        1,
        1,
        4,
        null,
        null,
        null,
        null,
        null
      ],
      "/home/ubuntu/workspace/hw-acceptance-unit-test-cycle/rottenpotatoes/app/controllers/sessions_controller.rb": [
        1,
        null,
        1,
        1,
        4,
        4,
        null,
        null,
        4,
        4,
        null,
        1,
        0,
        0,
        0,
        null,
        1,
        null,
        null
      ]
    },
    "timestamp": 1501220526
  }
}
